app/build/intermediates/manifest_merge_blame_file/debug/processDebugMainManifest/manifest-merger-blame-debug-report.txt
1<?xml version="1.0" encoding="utf-8"?>
2<manifest xmlns:android="http://schemas.android.com/apk/res/android"
3    package="com.example.edgevision"
4    android:versionCode="1"
5    android:versionName="1.0" >
6
7    <uses-sdk
8        android:minSdkVersion="24"
9        android:targetSdkVersion="33" />
10
11    <uses-feature
11-->src\main\AndroidManifest.xml:4:5-84
12        android:name="android.hardware.camera"
12-->src\main\AndroidManifest.xml:4:19-57
13        android:required="true" />
13-->src\main\AndroidManifest.xml:4:58-81
14    <uses-feature android:name="android.hardware.camera.autofocus" />
14-->src\main\AndroidManifest.xml:5:5-70
14-->src\main\AndroidManifest.xml:5:19-67
15
16    <uses-permission android:name="android.permission.CAMERA" />
16-->src\main\AndroidManifest.xml:7:5-65
16-->src\main\AndroidManifest.xml:7:22-62
17    <uses-permission android:name="android.permission.INTERNET" />
17-->src\main\AndroidManifest.xml:8:5-67
17-->src\main\AndroidManifest.xml:8:22-64
18    <uses-permission
18-->src\main\AndroidManifest.xml:9:5-10:38
19        android:name="android.permission.WRITE_EXTERNAL_STORAGE"
19-->src\main\AndroidManifest.xml:9:22-78
20        android:maxSdkVersion="28" />
20-->src\main\AndroidManifest.xml:10:9-35
21    <uses-permission
21-->src\main\AndroidManifest.xml:11:5-12:38
22        android:name="android.permission.READ_EXTERNAL_STORAGE"
22-->src\main\AndroidManifest.xml:11:22-77
23        android:maxSdkVersion="32" />
23-->src\main\AndroidManifest.xml:12:9-35
24
25    <application
25-->src\main\AndroidManifest.xml:14:5-31:19
26        android:allowBackup="true"
26-->src\main\AndroidManifest.xml:15:9-35
27        android:appComponentFactory="androidx.core.app.CoreComponentFactory"
27-->[androidx.core:core:1.8.0] AndroidManifest.xml:24:18-86
28        android:debuggable="true"
29        android:extractNativeLibs="false"
30        android:icon="@mipmap/ic_launcher"
30-->src\main\AndroidManifest.xml:16:9-43
31        android:label="@string/app_name"
31-->src\main\AndroidManifest.xml:17:9-41
32        android:roundIcon="@mipmap/ic_launcher_round"
32-->src\main\AndroidManifest.xml:18:9-54
33        android:supportsRtl="true"
33-->src\main\AndroidManifest.xml:19:9-35
34        android:testOnly="true"
35        android:theme="@style/Theme.EdgeVision"
35-->src\main\AndroidManifest.xml:21:9-48
36        android:usesCleartextTraffic="true" >
36-->src\main\AndroidManifest.xml:20:9-44
37        <activity
37-->src\main\AndroidManifest.xml:22:9-30:20
38            android:name="com.example.edgevision.MainActivity"
38-->src\main\AndroidManifest.xml:23:13-41
39            android:exported="true"
39-->src\main\AndroidManifest.xml:24:13-36
40            android:screenOrientation="portrait" >
40-->src\main\AndroidManifest.xml:25:13-49
41            <intent-filter>
41-->src\main\AndroidManifest.xml:26:13-29:29
42                <action android:name="android.intent.action.MAIN" />
42-->src\main\AndroidManifest.xml:27:17-69
42-->src\main\AndroidManifest.xml:27:25-66
43
44                <category android:name="android.intent.category.LAUNCHER" />
44-->src\main\AndroidManifest.xml:28:17-77
44-->src\main\AndroidManifest.xml:28:27-74
45            </intent-filter>
46        </activity>
47
48        <service
48-->[androidx.camera:camera-camera2:1.1.0] AndroidManifest.xml:26:9-35:19
49            android:name="androidx.camera.core.impl.MetadataHolderService"
49-->[androidx.camera:camera-camera2:1.1.0] AndroidManifest.xml:27:13-75
50            android:enabled="false"
50-->[androidx.camera:camera-camera2:1.1.0] AndroidManifest.xml:28:13-36
51            android:exported="false" >
51-->[androidx.camera:camera-camera2:1.1.0] AndroidManifest.xml:29:13-37
52            <meta-data
52-->[androidx.camera:camera-camera2:1.1.0] AndroidManifest.xml:32:13-34:89
53                android:name="androidx.camera.core.impl.MetadataHolderService.DEFAULT_CONFIG_PROVIDER"
53-->[androidx.camera:camera-camera2:1.1.0] AndroidManifest.xml:33:17-103
54                android:value="androidx.camera.camera2.Camera2Config$DefaultProvider" />
54-->[androidx.camera:camera-camera2:1.1.0] AndroidManifest.xml:34:17-86
55        </service>
56
57        <provider
57-->[androidx.emoji2:emoji2:1.0.0] AndroidManifest.xml:26:9-34:20
58            android:name="androidx.startup.InitializationProvider"
58-->[androidx.emoji2:emoji2:1.0.0] AndroidManifest.xml:27:13-67
59            android:authorities="com.example.edgevision.androidx-startup"
59-->[androidx.emoji2:emoji2:1.0.0] AndroidManifest.xml:28:13-68
60            android:exported="false" >
60-->[androidx.emoji2:emoji2:1.0.0] AndroidManifest.xml:29:13-37
61            <meta-data
61-->[androidx.emoji2:emoji2:1.0.0] AndroidManifest.xml:31:13-33:52
62                android:name="androidx.emoji2.text.EmojiCompatInitializer"
62-->[androidx.emoji2:emoji2:1.0.0] AndroidManifest.xml:32:17-75
63                android:value="androidx.startup" />
63-->[androidx.emoji2:emoji2:1.0.0] AndroidManifest.xml:33:17-49
64            <meta-data
64-->[androidx.lifecycle:lifecycle-process:2.4.0] AndroidManifest.xml:31:13-33:52
65                android:name="androidx.lifecycle.ProcessLifecycleInitializer"
65-->[androidx.lifecycle:lifecycle-process:2.4.0] AndroidManifest.xml:32:17-78
66                android:value="androidx.startup" />
66-->[androidx.lifecycle:lifecycle-process:2.4.0] AndroidManifest.xml:33:17-49
67        </provider>
68    </application>
69
70</manifest>